[debug] [2025-12-26T05:37:44.565Z] ----------------------------------------------------------------------
[debug] [2025-12-26T05:37:44.568Z] Command:       C:\Program Files\nodejs\node.exe C:\Users\csumm\AppData\Roaming\npm\node_modules\firebase-tools\lib\bin\firebase.js deploy --only functions:verifyXAccount
[debug] [2025-12-26T05:37:44.569Z] CLI Version:   15.1.0
[debug] [2025-12-26T05:37:44.569Z] Platform:      win32
[debug] [2025-12-26T05:37:44.569Z] Node Version:  v24.11.0
[debug] [2025-12-26T05:37:44.569Z] Time:          Fri Dec 26 2025 00:37:44 GMT-0500 (Eastern Standard Time)
[debug] [2025-12-26T05:37:44.569Z] ----------------------------------------------------------------------
[debug] 
[debug] [2025-12-26T05:37:45.825Z] > command requires scopes: ["email","openid","https://www.googleapis.com/auth/cloudplatformprojects.readonly","https://www.googleapis.com/auth/firebase","https://www.googleapis.com/auth/cloud-platform"]
[debug] [2025-12-26T05:37:45.826Z] > authorizing via signed-in user (csummerow@gmail.com)
[debug] [2025-12-26T05:37:45.826Z] [iam] checking project apes-365b0 for permissions ["cloudfunctions.functions.create","cloudfunctions.functions.delete","cloudfunctions.functions.get","cloudfunctions.functions.list","cloudfunctions.functions.update","cloudfunctions.operations.get","firebase.projects.get"]
[debug] [2025-12-26T05:37:45.826Z] Checked if tokens are valid: true, expires at: 1766730085534
[debug] [2025-12-26T05:37:45.826Z] Checked if tokens are valid: true, expires at: 1766730085534
[debug] [2025-12-26T05:37:45.827Z] >>> [apiv2][query] POST https://cloudresourcemanager.googleapis.com/v1/projects/apes-365b0:testIamPermissions [none]
[debug] [2025-12-26T05:37:45.827Z] >>> [apiv2][(partial)header] POST https://cloudresourcemanager.googleapis.com/v1/projects/apes-365b0:testIamPermissions x-goog-quota-user=projects/apes-365b0
[debug] [2025-12-26T05:37:45.827Z] >>> [apiv2][body] POST https://cloudresourcemanager.googleapis.com/v1/projects/apes-365b0:testIamPermissions {"permissions":["cloudfunctions.functions.create","cloudfunctions.functions.delete","cloudfunctions.functions.get","cloudfunctions.functions.list","cloudfunctions.functions.update","cloudfunctions.operations.get","firebase.projects.get"]}
[debug] [2025-12-26T05:37:46.142Z] <<< [apiv2][status] POST https://cloudresourcemanager.googleapis.com/v1/projects/apes-365b0:testIamPermissions 200
[debug] [2025-12-26T05:37:46.143Z] <<< [apiv2][body] POST https://cloudresourcemanager.googleapis.com/v1/projects/apes-365b0:testIamPermissions {"permissions":["cloudfunctions.functions.create","cloudfunctions.functions.delete","cloudfunctions.functions.get","cloudfunctions.functions.list","cloudfunctions.functions.update","cloudfunctions.operations.get","firebase.projects.get"]}
[debug] [2025-12-26T05:37:46.143Z] Checked if tokens are valid: true, expires at: 1766730085534
[debug] [2025-12-26T05:37:46.143Z] Checked if tokens are valid: true, expires at: 1766730085534
[debug] [2025-12-26T05:37:46.143Z] >>> [apiv2][query] POST https://iam.googleapis.com/v1/projects/apes-365b0/serviceAccounts/apes-365b0@appspot.gserviceaccount.com:testIamPermissions [none]
[debug] [2025-12-26T05:37:46.143Z] >>> [apiv2][body] POST https://iam.googleapis.com/v1/projects/apes-365b0/serviceAccounts/apes-365b0@appspot.gserviceaccount.com:testIamPermissions {"permissions":["iam.serviceAccounts.actAs"]}
[debug] [2025-12-26T05:37:46.489Z] <<< [apiv2][status] POST https://iam.googleapis.com/v1/projects/apes-365b0/serviceAccounts/apes-365b0@appspot.gserviceaccount.com:testIamPermissions 404
[debug] [2025-12-26T05:37:46.489Z] <<< [apiv2][body] POST https://iam.googleapis.com/v1/projects/apes-365b0/serviceAccounts/apes-365b0@appspot.gserviceaccount.com:testIamPermissions {"error":{"code":404,"message":"Unknown service account","status":"NOT_FOUND"}}
[debug] [2025-12-26T05:37:46.490Z] [functions] service account IAM check errored, deploy may fail: Request to https://iam.googleapis.com/v1/projects/apes-365b0/serviceAccounts/apes-365b0@appspot.gserviceaccount.com:testIamPermissions had HTTP Error: 404, Unknown service account {"name":"FirebaseError","children":[],"context":{"body":{"error":{"code":404,"message":"Unknown service account","status":"NOT_FOUND"}},"response":{"statusCode":404}},"exit":1,"message":"Request to https://iam.googleapis.com/v1/projects/apes-365b0/serviceAccounts/apes-365b0@appspot.gserviceaccount.com:testIamPermissions had HTTP Error: 404, Unknown service account","status":404}
[info] 
[info] === Deploying to 'apes-365b0'...
[info] 
[info] i  deploying functions 
[info] +  functions: Finished running predeploy script. 
[debug] [2025-12-26T05:37:46.493Z] Checked if tokens are valid: true, expires at: 1766730085534
[debug] [2025-12-26T05:37:46.493Z] Checked if tokens are valid: true, expires at: 1766730085534
[debug] [2025-12-26T05:37:46.493Z] >>> [apiv2][query] GET https://cloudresourcemanager.googleapis.com/v1/projects/apes-365b0 [none]
[debug] [2025-12-26T05:37:46.602Z] <<< [apiv2][status] GET https://cloudresourcemanager.googleapis.com/v1/projects/apes-365b0 200
[debug] [2025-12-26T05:37:46.602Z] <<< [apiv2][body] GET https://cloudresourcemanager.googleapis.com/v1/projects/apes-365b0 {"projectNumber":"827150303070","projectId":"apes-365b0","lifecycleState":"ACTIVE","name":"apes","labels":{"firebase":"enabled","firebase-core":"disabled"},"createTime":"2025-12-22T04:13:42.528049Z"}
[info] i  functions: preparing codebase default for deployment 
[info] i  functions: ensuring required API cloudfunctions.googleapis.com is enabled... 
[info] i  functions: ensuring required API cloudbuild.googleapis.com is enabled... 
[info] i  artifactregistry: ensuring required API artifactregistry.googleapis.com is enabled... 
[debug] [2025-12-26T05:37:46.604Z] Checked if tokens are valid: true, expires at: 1766730085534
[debug] [2025-12-26T05:37:46.605Z] Checked if tokens are valid: true, expires at: 1766730085534
[debug] [2025-12-26T05:37:46.605Z] >>> [apiv2][query] GET https://firebase.googleapis.com/v1beta1/projects/apes-365b0/adminSdkConfig [none]
[debug] [2025-12-26T05:37:47.111Z] <<< [apiv2][status] GET https://firebase.googleapis.com/v1beta1/projects/apes-365b0/adminSdkConfig 200
[debug] [2025-12-26T05:37:47.111Z] <<< [apiv2][body] GET https://firebase.googleapis.com/v1beta1/projects/apes-365b0/adminSdkConfig {"projectId":"apes-365b0","storageBucket":"apes-365b0.firebasestorage.app"}
[debug] [2025-12-26T05:37:47.111Z] Checked if tokens are valid: true, expires at: 1766730085534
[debug] [2025-12-26T05:37:47.111Z] Checked if tokens are valid: true, expires at: 1766730085534
[debug] [2025-12-26T05:37:47.112Z] >>> [apiv2][query] GET https://runtimeconfig.googleapis.com/v1beta1/projects/apes-365b0/configs [none]
[debug] [2025-12-26T05:37:47.516Z] <<< [apiv2][status] GET https://runtimeconfig.googleapis.com/v1beta1/projects/apes-365b0/configs 200
[debug] [2025-12-26T05:37:47.517Z] <<< [apiv2][body] GET https://runtimeconfig.googleapis.com/v1beta1/projects/apes-365b0/configs {"configs":[{"name":"projects/apes-365b0/configs/x"}]}
[debug] [2025-12-26T05:37:47.517Z] Checked if tokens are valid: true, expires at: 1766730085534
[debug] [2025-12-26T05:37:47.517Z] Checked if tokens are valid: true, expires at: 1766730085534
[debug] [2025-12-26T05:37:47.517Z] >>> [apiv2][query] GET https://runtimeconfig.googleapis.com/v1beta1/projects/apes-365b0/configs/x/variables [none]
[debug] [2025-12-26T05:37:47.792Z] <<< [apiv2][status] GET https://runtimeconfig.googleapis.com/v1beta1/projects/apes-365b0/configs/x/variables 200
[debug] [2025-12-26T05:37:47.792Z] <<< [apiv2][body] GET https://runtimeconfig.googleapis.com/v1beta1/projects/apes-365b0/configs/x/variables {"variables":[{"name":"projects/apes-365b0/configs/x/variables/api_bearer_token","updateTime":"2025-12-26T05:29:43.796131944Z"}]}
[debug] [2025-12-26T05:37:47.792Z] Checked if tokens are valid: true, expires at: 1766730085534
[debug] [2025-12-26T05:37:47.792Z] Checked if tokens are valid: true, expires at: 1766730085534
[debug] [2025-12-26T05:37:47.792Z] >>> [apiv2][query] GET https://runtimeconfig.googleapis.com/v1beta1/projects/apes-365b0/configs/x/variables/api_bearer_token [none]
[debug] [2025-12-26T05:37:48.002Z] <<< [apiv2][status] GET https://runtimeconfig.googleapis.com/v1beta1/projects/apes-365b0/configs/x/variables/api_bearer_token 200
[debug] [2025-12-26T05:37:48.002Z] <<< [apiv2][body] GET https://runtimeconfig.googleapis.com/v1beta1/projects/apes-365b0/configs/x/variables/api_bearer_token {"name":"projects/apes-365b0/configs/x/variables/api_bearer_token","updateTime":"2025-12-26T05:29:43.796131944Z","text":"AAAAAAAAAAAAAAAAAAAAAKzj6QEAAAAAuMnaBFYScgjf9XC4X9xYnTHcojI%3DhpwGDkOO1lq8WbsiksLMPAcRb944MSrTBuze4jkvy63HKXZdnY"}
[debug] [2025-12-26T05:37:48.004Z] Validating nodejs source
[warn] !  functions: package.json indicates an outdated version of firebase-functions. Please upgrade using npm install --save firebase-functions@latest in your functions directory. 
[warn] !  functions: Please note that there will be breaking changes when you upgrade. 
[debug] [2025-12-26T05:37:48.985Z] > [functions] package.json contents: {
  "name": "functions",
  "description": "Cloud Functions for Ape Together Strong",
  "scripts": {
    "lint": "eslint .",
    "serve": "firebase emulators:start --only functions",
    "shell": "firebase functions:shell",
    "start": "npm run shell",
    "deploy": "firebase deploy --only functions",
    "logs": "firebase functions:log"
  },
  "engines": {
    "node": "20"
  },
  "main": "index.js",
  "dependencies": {
    "firebase-admin": "^12.0.0",
    "firebase-functions": "^4.5.0",
    "axios": "^1.6.0"
  },
  "devDependencies": {
    "eslint": "^8.15.0",
    "eslint-config-google": "^0.14.0"
  },
  "private": true
}
[debug] [2025-12-26T05:37:48.985Z] Building nodejs source
[info] i  functions: Loading and analyzing source code for codebase default to determine what to deploy 
[info] i  functions: You are using a version of firebase-functions SDK (4.9.0) that does not have support for the newest Firebase Extensions features. Please update firebase-functions SDK to >=5.1.0 to use them correctly 
[debug] [2025-12-26T05:37:48.986Z] Could not find functions.yaml. Must use http discovery
[debug] [2025-12-26T05:37:48.998Z] Found firebase-functions binary at 'C:\Users\csumm\crestiveDigital\ApeStrongTogether\functions\node_modules\.bin\firebase-functions'
[info] Serving at port 8915

[debug] [2025-12-26T05:37:49.634Z] Got response from /__/functions.yaml {"endpoints":{"cleanupUserData":{"platform":"gcfv1","availableMemoryMb":null,"timeoutSeconds":null,"minInstances":null,"maxInstances":null,"ingressSettings":null,"serviceAccountEmail":null,"vpc":null,"eventTrigger":{"eventType":"providers/firebase.auth/eventTypes/user.delete","eventFilters":{"resource":"projects/apes-365b0"},"retry":false},"labels":{},"entryPoint":"cleanupUserData"},"verifyXAccount":{"platform":"gcfv1","labels":{},"availableMemoryMb":null,"timeoutSeconds":null,"minInstances":null,"maxInstances":null,"ingressSettings":null,"serviceAccountEmail":null,"vpc":null,"callableTrigger":{},"entryPoint":"verifyXAccount"}},"specVersion":"v1alpha1","requiredAPIs":[]}
[info] i  functions: preparing functions directory for uploading... 
[info] i  functions: packaged C:\Users\csumm\crestiveDigital\ApeStrongTogether\functions (48.41 KB) for uploading 
[debug] [2025-12-26T05:37:53.694Z] Checked if tokens are valid: true, expires at: 1766730085534
[debug] [2025-12-26T05:37:53.694Z] Checked if tokens are valid: true, expires at: 1766730085534
[debug] [2025-12-26T05:37:53.694Z] >>> [apiv2][query] GET https://cloudfunctions.googleapis.com/v1/projects/apes-365b0/locations/-/functions [none]
[debug] [2025-12-26T05:37:54.494Z] <<< [apiv2][status] GET https://cloudfunctions.googleapis.com/v1/projects/apes-365b0/locations/-/functions 200
[debug] [2025-12-26T05:37:54.495Z] <<< [apiv2][body] GET https://cloudfunctions.googleapis.com/v1/projects/apes-365b0/locations/-/functions {}
[debug] [2025-12-26T05:37:54.495Z] Checked if tokens are valid: true, expires at: 1766730085534
[debug] [2025-12-26T05:37:54.495Z] Checked if tokens are valid: true, expires at: 1766730085534
[debug] [2025-12-26T05:37:54.495Z] >>> [apiv2][query] GET https://cloudfunctions.googleapis.com/v2/projects/apes-365b0/locations/-/functions filter=environment%3D%22GEN_2%22
[debug] [2025-12-26T05:37:54.954Z] <<< [apiv2][status] GET https://cloudfunctions.googleapis.com/v2/projects/apes-365b0/locations/-/functions 200
[debug] [2025-12-26T05:37:54.954Z] <<< [apiv2][body] GET https://cloudfunctions.googleapis.com/v2/projects/apes-365b0/locations/-/functions {}
[debug] [2025-12-26T05:37:54.956Z] Checked if tokens are valid: true, expires at: 1766730085534
[debug] [2025-12-26T05:37:54.956Z] Checked if tokens are valid: true, expires at: 1766730085534
[debug] [2025-12-26T05:37:54.956Z] >>> [apiv2][query] GET https://cloudresourcemanager.googleapis.com/v1/projects/apes-365b0 [none]
[debug] [2025-12-26T05:37:55.243Z] <<< [apiv2][status] GET https://cloudresourcemanager.googleapis.com/v1/projects/apes-365b0 200
[debug] [2025-12-26T05:37:55.243Z] <<< [apiv2][body] GET https://cloudresourcemanager.googleapis.com/v1/projects/apes-365b0 {"projectNumber":"827150303070","projectId":"apes-365b0","lifecycleState":"ACTIVE","name":"apes","labels":{"firebase":"enabled","firebase-core":"disabled"},"createTime":"2025-12-22T04:13:42.528049Z"}
[debug] [2025-12-26T05:37:55.244Z] Checked if tokens are valid: true, expires at: 1766730085534
[debug] [2025-12-26T05:37:55.244Z] Checked if tokens are valid: true, expires at: 1766730085534
[debug] [2025-12-26T05:37:55.244Z] >>> [apiv2][query] POST https://cloudfunctions.googleapis.com/v1/projects/apes-365b0/locations/us-central1/functions:generateUploadUrl [none]
[debug] [2025-12-26T05:37:55.244Z] >>> [apiv2][body] POST https://cloudfunctions.googleapis.com/v1/projects/apes-365b0/locations/us-central1/functions:generateUploadUrl {}
[debug] [2025-12-26T05:38:09.066Z] <<< [apiv2][status] POST https://cloudfunctions.googleapis.com/v1/projects/apes-365b0/locations/us-central1/functions:generateUploadUrl 200
[debug] [2025-12-26T05:38:09.066Z] <<< [apiv2][body] POST https://cloudfunctions.googleapis.com/v1/projects/apes-365b0/locations/us-central1/functions:generateUploadUrl {"uploadUrl":"https://storage.googleapis.com/uploads-872901642266.us-central1.cloudfunctions.appspot.com/064114a7-42ae-40a7-9911-1c84b593bdc1.zip?GoogleAccessId=service-827150303070@gcf-admin-robot.iam.gserviceaccount.com&Expires=1766729288&Signature=FrFuB7LRtjxRd9QSDfkl9ihjxP5%2BcQUdW23QBikWYceftDoDHWtgNubVTiktvPx2VUDfTuoDJ76kIjv0B6LLeeAgrm2MjbfULdoIpZmSeooe9a1j86qQqv5mxwP4z14nKRlXbEu525usWWk3fm3GwS8te02n6JPIFujn6MF5Gjmxcvn1ADvceoHV0F75zc%2By%2B44Ws8CfcOCW7UM1gQXRSuZVzb9jLmxk0FriwJEONjwOpWXQkbs5FlJi9WQF9fqF6ytSJt38T7mwhIltKImMH0r7pui2WzLBKvhqPjDPKoPZg5uHZK0s540Bss8oQ7wudcWvETL9Hb%2BnK8jj1ze4Ow%3D%3D"}
[debug] [2025-12-26T05:38:09.067Z] >>> [apiv2][query] PUT https://storage.googleapis.com/uploads-872901642266.us-central1.cloudfunctions.appspot.com/064114a7-42ae-40a7-9911-1c84b593bdc1.zip GoogleAccessId=service-827150303070%40gcf-admin-robot.iam.gserviceaccount.com&Expires=1766729288&Signature=FrFuB7LRtjxRd9QSDfkl9ihjxP5%2BcQUdW23QBikWYceftDoDHWtgNubVTiktvPx2VUDfTuoDJ76kIjv0B6LLeeAgrm2MjbfULdoIpZmSeooe9a1j86qQqv5mxwP4z14nKRlXbEu525usWWk3fm3GwS8te02n6JPIFujn6MF5Gjmxcvn1ADvceoHV0F75zc%2By%2B44Ws8CfcOCW7UM1gQXRSuZVzb9jLmxk0FriwJEONjwOpWXQkbs5FlJi9WQF9fqF6ytSJt38T7mwhIltKImMH0r7pui2WzLBKvhqPjDPKoPZg5uHZK0s540Bss8oQ7wudcWvETL9Hb%2BnK8jj1ze4Ow%3D%3D
[debug] [2025-12-26T05:38:09.067Z] >>> [apiv2][body] PUT https://storage.googleapis.com/uploads-872901642266.us-central1.cloudfunctions.appspot.com/064114a7-42ae-40a7-9911-1c84b593bdc1.zip [stream]
[debug] [2025-12-26T05:38:09.924Z] <<< [apiv2][status] PUT https://storage.googleapis.com/uploads-872901642266.us-central1.cloudfunctions.appspot.com/064114a7-42ae-40a7-9911-1c84b593bdc1.zip 200
[debug] [2025-12-26T05:38:09.924Z] <<< [apiv2][body] PUT https://storage.googleapis.com/uploads-872901642266.us-central1.cloudfunctions.appspot.com/064114a7-42ae-40a7-9911-1c84b593bdc1.zip [omitted]
[info] +  functions: functions source uploaded successfully 
[info] i  functions: creating Node.js 20 (1st Gen) function verifyXAccount(us-central1)... 
[debug] [2025-12-26T05:38:09.926Z] Checked if tokens are valid: true, expires at: 1766730085534
[debug] [2025-12-26T05:38:09.926Z] Checked if tokens are valid: true, expires at: 1766730085534
[debug] [2025-12-26T05:38:09.927Z] >>> [apiv2][query] POST https://cloudfunctions.googleapis.com/v1/projects/apes-365b0/locations/us-central1/functions [none]
[debug] [2025-12-26T05:38:09.927Z] >>> [apiv2][body] POST https://cloudfunctions.googleapis.com/v1/projects/apes-365b0/locations/us-central1/functions {"name":"projects/apes-365b0/locations/us-central1/functions/verifyXAccount","sourceUploadUrl":"https://storage.googleapis.com/uploads-872901642266.us-central1.cloudfunctions.appspot.com/064114a7-42ae-40a7-9911-1c84b593bdc1.zip?GoogleAccessId=service-827150303070@gcf-admin-robot.iam.gserviceaccount.com&Expires=1766729288&Signature=FrFuB7LRtjxRd9QSDfkl9ihjxP5%2BcQUdW23QBikWYceftDoDHWtgNubVTiktvPx2VUDfTuoDJ76kIjv0B6LLeeAgrm2MjbfULdoIpZmSeooe9a1j86qQqv5mxwP4z14nKRlXbEu525usWWk3fm3GwS8te02n6JPIFujn6MF5Gjmxcvn1ADvceoHV0F75zc%2By%2B44Ws8CfcOCW7UM1gQXRSuZVzb9jLmxk0FriwJEONjwOpWXQkbs5FlJi9WQF9fqF6ytSJt38T7mwhIltKImMH0r7pui2WzLBKvhqPjDPKoPZg5uHZK0s540Bss8oQ7wudcWvETL9Hb%2BnK8jj1ze4Ow%3D%3D","entryPoint":"verifyXAccount","runtime":"nodejs20","dockerRegistry":"ARTIFACT_REGISTRY","labels":{"deployment-tool":"cli-firebase","deployment-callable":"true","firebase-functions-hash":"c2d4dec922d69c5964033b8a67fc01bb41a612ed"},"httpsTrigger":{"securityLevel":"SECURE_ALWAYS"},"minInstances":null,"maxInstances":null,"ingressSettings":null,"environmentVariables":{"FIREBASE_CONFIG":"{\"projectId\":\"apes-365b0\",\"storageBucket\":\"apes-365b0.firebasestorage.app\"}","GCLOUD_PROJECT":"apes-365b0","EVENTARC_CLOUD_EVENT_SOURCE":"projects/apes-365b0/locations/us-central1/functions/verifyXAccount"},"serviceAccountEmail":null,"availableMemoryMb":null,"timeout":null,"vpcConnector":null,"vpcConnectorEgressSettings":null,"buildEnvironmentVariables":{"GOOGLE_NODE_RUN_SCRIPTS":""}}
[debug] [2025-12-26T05:38:13.336Z] <<< [apiv2][status] POST https://cloudfunctions.googleapis.com/v1/projects/apes-365b0/locations/us-central1/functions 400
[debug] [2025-12-26T05:38:13.336Z] <<< [apiv2][body] POST https://cloudfunctions.googleapis.com/v1/projects/apes-365b0/locations/us-central1/functions {"error":{"code":400,"message":"Failed to create 1st Gen function projects/apes-365b0/locations/us-central1/functions/verifyXAccount: Default service account 'apes-365b0@appspot.gserviceaccount.com' doesn't exist. Please recreate this account or specify a different account. Please visit https://cloud.google.com/functions/docs/troubleshooting for in-depth troubleshooting documentation.","status":"FAILED_PRECONDITION"}}
[warn] !  functions: failed to create function projects/apes-365b0/locations/us-central1/functions/verifyXAccount 
[error] Failed to create function projects/apes-365b0/locations/us-central1/functions/verifyXAccount
[debug] [2025-12-26T05:38:13.340Z] Total Function Deployment time: 3411
[debug] [2025-12-26T05:38:13.340Z] 1 Functions Deployed
[debug] [2025-12-26T05:38:13.340Z] 1 Functions Errored
[debug] [2025-12-26T05:38:13.340Z] 0 Function Deployments Aborted
[debug] [2025-12-26T05:38:13.340Z] Average Function Deployment time: 3410
[info] 
[info] Functions deploy had errors with the following functions:
	verifyXAccount(us-central1)
[debug] [2025-12-26T05:38:13.552Z] Checked if tokens are valid: true, expires at: 1766730085534
[debug] [2025-12-26T05:38:13.552Z] Checked if tokens are valid: true, expires at: 1766730085534
[debug] [2025-12-26T05:38:13.552Z] >>> [apiv2][query] GET https://artifactregistry.googleapis.com/v1/projects/apes-365b0/locations/us-central1/repositories/gcf-artifacts [none]
[debug] [2025-12-26T05:38:13.990Z] <<< [apiv2][status] GET https://artifactregistry.googleapis.com/v1/projects/apes-365b0/locations/us-central1/repositories/gcf-artifacts 404
[debug] [2025-12-26T05:38:13.990Z] <<< [apiv2][body] GET https://artifactregistry.googleapis.com/v1/projects/apes-365b0/locations/us-central1/repositories/gcf-artifacts {"error":{"code":404,"message":"Requested entity was not found.","status":"NOT_FOUND"}}
[debug] [2025-12-26T05:38:13.990Z] Failed to check artifact cleanup policy for region us-central1: Request to https://artifactregistry.googleapis.com/v1/projects/apes-365b0/locations/us-central1/repositories/gcf-artifacts had HTTP Error: 404, Requested entity was not found. {"name":"FirebaseError","children":[],"context":{"body":{"error":{"code":404,"message":"Requested entity was not found.","status":"NOT_FOUND"}},"response":{"statusCode":404}},"exit":1,"message":"Request to https://artifactregistry.googleapis.com/v1/projects/apes-365b0/locations/us-central1/repositories/gcf-artifacts had HTTP Error: 404, Requested entity was not found.","status":404}
[debug] [2025-12-26T05:38:13.990Z] Functions deploy failed.
[debug] [2025-12-26T05:38:13.990Z] {
  "endpoint": {
    "id": "verifyXAccount",
    "project": "apes-365b0",
    "region": "us-central1",
    "entryPoint": "verifyXAccount",
    "platform": "gcfv1",
    "runtime": "nodejs20",
    "callableTrigger": {},
    "labels": {
      "deployment-tool": "cli-firebase"
    },
    "serviceAccount": null,
    "ingressSettings": null,
    "availableMemoryMb": null,
    "timeoutSeconds": null,
    "maxInstances": null,
    "minInstances": null,
    "vpc": null,
    "environmentVariables": {
      "FIREBASE_CONFIG": "{\"projectId\":\"apes-365b0\",\"storageBucket\":\"apes-365b0.firebasestorage.app\"}",
      "GCLOUD_PROJECT": "apes-365b0",
      "EVENTARC_CLOUD_EVENT_SOURCE": "projects/apes-365b0/locations/us-central1/functions/verifyXAccount"
    },
    "codebase": "default",
    "targetedByOnly": true,
    "hash": "c2d4dec922d69c5964033b8a67fc01bb41a612ed"
  },
  "op": "create",
  "original": {
    "name": "FirebaseError",
    "children": [],
    "context": {
      "function": "projects/apes-365b0/locations/us-central1/functions/verifyXAccount"
    },
    "exit": 1,
    "message": "Failed to create function projects/apes-365b0/locations/us-central1/functions/verifyXAccount",
    "original": {
      "name": "FirebaseError",
      "children": [],
      "context": {
        "body": {
          "error": {
            "code": 400,
            "message": "Failed to create 1st Gen function projects/apes-365b0/locations/us-central1/functions/verifyXAccount: Default service account 'apes-365b0@appspot.gserviceaccount.com' doesn't exist. Please recreate this account or specify a different account. Please visit https://cloud.google.com/functions/docs/troubleshooting for in-depth troubleshooting documentation.",
            "status": "FAILED_PRECONDITION"
          }
        },
        "response": {
          "statusCode": 400
        }
      },
      "exit": 1,
      "message": "Request to https://cloudfunctions.googleapis.com/v1/projects/apes-365b0/locations/us-central1/functions had HTTP Error: 400, Failed to create 1st Gen function projects/apes-365b0/locations/us-central1/functions/verifyXAccount: Default service account 'apes-365b0@appspot.gserviceaccount.com' doesn't exist. Please recreate this account or specify a different account. Please visit https://cloud.google.com/functions/docs/troubleshooting for in-depth troubleshooting documentation.",
      "status": 400
    },
    "status": 400,
    "code": 400
  }
}
[debug] [2025-12-26T05:38:14.019Z] Error: Failed to create function verifyXAccount in region us-central1
    at C:\Users\csumm\AppData\Roaming\npm\node_modules\firebase-tools\lib\deploy\functions\release\fabricator.js:52:11
    at process.processTicksAndRejections (node:internal/process/task_queues:105:5)
    at async Fabricator.createV1Function (C:\Users\csumm\AppData\Roaming\npm\node_modules\firebase-tools\lib\deploy\functions\release\fabricator.js:194:32)
    at async Fabricator.createEndpoint (C:\Users\csumm\AppData\Roaming\npm\node_modules\firebase-tools\lib\deploy\functions\release\fabricator.js:134:13)
    at async handle (C:\Users\csumm\AppData\Roaming\npm\node_modules\firebase-tools\lib\deploy\functions\release\fabricator.js:89:17)
[error] 
[error] Error: There was an error deploying functions
